{"/Users/dels/git/github/speedtest/lib/analytics.js": {"path":"/Users/dels/git/github/speedtest/lib/analytics.js","all":false,"statementMap":{"0":{"start":{"line":1,"column":0},"end":{"line":1,"column":0}},"1":{"start":{"line":2,"column":0},"end":{"line":2,"column":43}},"2":{"start":{"line":3,"column":0},"end":{"line":3,"column":45}},"3":{"start":{"line":4,"column":0},"end":{"line":4,"column":0}},"4":{"start":{"line":5,"column":0},"end":{"line":5,"column":52}},"5":{"start":{"line":6,"column":0},"end":{"line":6,"column":0}},"6":{"start":{"line":7,"column":0},"end":{"line":7,"column":90}},"7":{"start":{"line":8,"column":0},"end":{"line":8,"column":17}},"8":{"start":{"line":9,"column":0},"end":{"line":9,"column":27}},"9":{"start":{"line":10,"column":0},"end":{"line":10,"column":50}},"10":{"start":{"line":11,"column":0},"end":{"line":11,"column":115}},"11":{"start":{"line":12,"column":0},"end":{"line":12,"column":5}},"12":{"start":{"line":13,"column":0},"end":{"line":13,"column":17}},"13":{"start":{"line":14,"column":0},"end":{"line":14,"column":23}},"14":{"start":{"line":15,"column":0},"end":{"line":15,"column":17}},"15":{"start":{"line":16,"column":0},"end":{"line":16,"column":38}},"16":{"start":{"line":17,"column":0},"end":{"line":17,"column":48}},"17":{"start":{"line":18,"column":0},"end":{"line":18,"column":35}},"18":{"start":{"line":19,"column":0},"end":{"line":19,"column":20}},"19":{"start":{"line":20,"column":0},"end":{"line":20,"column":9}},"20":{"start":{"line":21,"column":0},"end":{"line":21,"column":26}},"21":{"start":{"line":22,"column":0},"end":{"line":22,"column":51}},"22":{"start":{"line":23,"column":0},"end":{"line":23,"column":32}},"23":{"start":{"line":24,"column":0},"end":{"line":24,"column":61}},"24":{"start":{"line":25,"column":0},"end":{"line":25,"column":13}},"25":{"start":{"line":26,"column":0},"end":{"line":26,"column":26}},"26":{"start":{"line":27,"column":0},"end":{"line":27,"column":9}},"27":{"start":{"line":28,"column":0},"end":{"line":28,"column":55}},"28":{"start":{"line":29,"column":0},"end":{"line":29,"column":45}},"29":{"start":{"line":30,"column":0},"end":{"line":30,"column":24}},"30":{"start":{"line":31,"column":0},"end":{"line":31,"column":13}},"31":{"start":{"line":32,"column":0},"end":{"line":32,"column":90}},"32":{"start":{"line":33,"column":0},"end":{"line":33,"column":41}},"33":{"start":{"line":34,"column":0},"end":{"line":34,"column":40}},"34":{"start":{"line":35,"column":0},"end":{"line":35,"column":37}},"35":{"start":{"line":36,"column":0},"end":{"line":36,"column":17}},"36":{"start":{"line":37,"column":0},"end":{"line":37,"column":13}},"37":{"start":{"line":38,"column":0},"end":{"line":38,"column":9}},"38":{"start":{"line":39,"column":0},"end":{"line":39,"column":5}},"39":{"start":{"line":40,"column":0},"end":{"line":40,"column":24}},"40":{"start":{"line":41,"column":0},"end":{"line":41,"column":67}},"41":{"start":{"line":42,"column":0},"end":{"line":42,"column":5}},"42":{"start":{"line":43,"column":0},"end":{"line":43,"column":15}},"43":{"start":{"line":44,"column":0},"end":{"line":44,"column":1}},"44":{"start":{"line":45,"column":0},"end":{"line":45,"column":0}},"45":{"start":{"line":46,"column":0},"end":{"line":46,"column":91}},"46":{"start":{"line":47,"column":0},"end":{"line":47,"column":17}},"47":{"start":{"line":48,"column":0},"end":{"line":48,"column":27}},"48":{"start":{"line":49,"column":0},"end":{"line":49,"column":46}},"49":{"start":{"line":50,"column":0},"end":{"line":50,"column":111}},"50":{"start":{"line":51,"column":0},"end":{"line":51,"column":5}},"51":{"start":{"line":52,"column":0},"end":{"line":52,"column":17}},"52":{"start":{"line":53,"column":0},"end":{"line":53,"column":25}},"53":{"start":{"line":54,"column":0},"end":{"line":54,"column":17}},"54":{"start":{"line":55,"column":0},"end":{"line":55,"column":38}},"55":{"start":{"line":56,"column":0},"end":{"line":56,"column":48}},"56":{"start":{"line":57,"column":0},"end":{"line":57,"column":35}},"57":{"start":{"line":58,"column":0},"end":{"line":58,"column":20}},"58":{"start":{"line":59,"column":0},"end":{"line":59,"column":9}},"59":{"start":{"line":60,"column":0},"end":{"line":60,"column":26}},"60":{"start":{"line":61,"column":0},"end":{"line":61,"column":51}},"61":{"start":{"line":62,"column":0},"end":{"line":62,"column":32}},"62":{"start":{"line":63,"column":0},"end":{"line":63,"column":61}},"63":{"start":{"line":64,"column":0},"end":{"line":64,"column":13}},"64":{"start":{"line":65,"column":0},"end":{"line":65,"column":26}},"65":{"start":{"line":66,"column":0},"end":{"line":66,"column":9}},"66":{"start":{"line":67,"column":0},"end":{"line":67,"column":55}},"67":{"start":{"line":68,"column":0},"end":{"line":68,"column":95}},"68":{"start":{"line":69,"column":0},"end":{"line":69,"column":41}},"69":{"start":{"line":70,"column":0},"end":{"line":70,"column":42}},"70":{"start":{"line":71,"column":0},"end":{"line":71,"column":37}},"71":{"start":{"line":72,"column":0},"end":{"line":72,"column":17}},"72":{"start":{"line":73,"column":0},"end":{"line":73,"column":13}},"73":{"start":{"line":74,"column":0},"end":{"line":74,"column":9}},"74":{"start":{"line":75,"column":0},"end":{"line":75,"column":5}},"75":{"start":{"line":76,"column":0},"end":{"line":76,"column":24}},"76":{"start":{"line":77,"column":0},"end":{"line":77,"column":62}},"77":{"start":{"line":78,"column":0},"end":{"line":78,"column":5}},"78":{"start":{"line":79,"column":0},"end":{"line":79,"column":15}},"79":{"start":{"line":80,"column":0},"end":{"line":80,"column":1}},"80":{"start":{"line":81,"column":0},"end":{"line":81,"column":0}},"81":{"start":{"line":82,"column":0},"end":{"line":82,"column":84}},"82":{"start":{"line":83,"column":0},"end":{"line":83,"column":17}},"83":{"start":{"line":84,"column":0},"end":{"line":84,"column":27}},"84":{"start":{"line":85,"column":0},"end":{"line":85,"column":18}},"85":{"start":{"line":86,"column":0},"end":{"line":86,"column":25}},"86":{"start":{"line":87,"column":0},"end":{"line":87,"column":25}},"87":{"start":{"line":88,"column":0},"end":{"line":88,"column":19}},"88":{"start":{"line":89,"column":0},"end":{"line":89,"column":38}},"89":{"start":{"line":90,"column":0},"end":{"line":90,"column":48}},"90":{"start":{"line":91,"column":0},"end":{"line":91,"column":35}},"91":{"start":{"line":92,"column":0},"end":{"line":92,"column":42}},"92":{"start":{"line":93,"column":0},"end":{"line":93,"column":76}},"93":{"start":{"line":94,"column":0},"end":{"line":94,"column":20}},"94":{"start":{"line":95,"column":0},"end":{"line":95,"column":9}},"95":{"start":{"line":96,"column":0},"end":{"line":96,"column":55}},"96":{"start":{"line":97,"column":0},"end":{"line":97,"column":28}},"97":{"start":{"line":98,"column":0},"end":{"line":98,"column":94}},"98":{"start":{"line":99,"column":0},"end":{"line":99,"column":38}},"99":{"start":{"line":100,"column":0},"end":{"line":100,"column":20}},"100":{"start":{"line":101,"column":0},"end":{"line":101,"column":38}},"101":{"start":{"line":102,"column":0},"end":{"line":102,"column":13}},"102":{"start":{"line":103,"column":0},"end":{"line":103,"column":9}},"103":{"start":{"line":104,"column":0},"end":{"line":104,"column":5}},"104":{"start":{"line":105,"column":0},"end":{"line":105,"column":91}},"105":{"start":{"line":106,"column":0},"end":{"line":106,"column":107}},"106":{"start":{"line":107,"column":0},"end":{"line":107,"column":16}},"107":{"start":{"line":108,"column":0},"end":{"line":108,"column":1}},"108":{"start":{"line":109,"column":0},"end":{"line":109,"column":0}},"109":{"start":{"line":110,"column":0},"end":{"line":110,"column":0}},"110":{"start":{"line":111,"column":0},"end":{"line":111,"column":0}},"111":{"start":{"line":112,"column":0},"end":{"line":112,"column":0}},"112":{"start":{"line":113,"column":0},"end":{"line":113,"column":0}},"113":{"start":{"line":114,"column":0},"end":{"line":114,"column":0}},"114":{"start":{"line":115,"column":0},"end":{"line":115,"column":72}},"115":{"start":{"line":116,"column":0},"end":{"line":116,"column":17}},"116":{"start":{"line":117,"column":0},"end":{"line":117,"column":27}},"117":{"start":{"line":118,"column":0},"end":{"line":118,"column":61}},"118":{"start":{"line":119,"column":0},"end":{"line":119,"column":6}},"119":{"start":{"line":120,"column":0},"end":{"line":120,"column":101}},"120":{"start":{"line":121,"column":0},"end":{"line":121,"column":61}},"121":{"start":{"line":122,"column":0},"end":{"line":122,"column":7}},"122":{"start":{"line":123,"column":0},"end":{"line":123,"column":72}},"123":{"start":{"line":124,"column":0},"end":{"line":124,"column":12}},"124":{"start":{"line":125,"column":0},"end":{"line":125,"column":17}},"125":{"start":{"line":126,"column":0},"end":{"line":126,"column":39}},"126":{"start":{"line":127,"column":0},"end":{"line":127,"column":37}},"127":{"start":{"line":128,"column":0},"end":{"line":128,"column":17}},"128":{"start":{"line":129,"column":0},"end":{"line":129,"column":0}},"129":{"start":{"line":130,"column":0},"end":{"line":130,"column":71}},"130":{"start":{"line":131,"column":0},"end":{"line":131,"column":98}},"131":{"start":{"line":132,"column":0},"end":{"line":132,"column":67}},"132":{"start":{"line":133,"column":0},"end":{"line":133,"column":0}},"133":{"start":{"line":134,"column":0},"end":{"line":134,"column":37}},"134":{"start":{"line":135,"column":0},"end":{"line":135,"column":102}},"135":{"start":{"line":136,"column":0},"end":{"line":136,"column":12}},"136":{"start":{"line":137,"column":0},"end":{"line":137,"column":49}},"137":{"start":{"line":138,"column":0},"end":{"line":138,"column":148}},"138":{"start":{"line":139,"column":0},"end":{"line":139,"column":16}},"139":{"start":{"line":140,"column":0},"end":{"line":140,"column":137}},"140":{"start":{"line":141,"column":0},"end":{"line":141,"column":9}},"141":{"start":{"line":142,"column":0},"end":{"line":142,"column":5}},"142":{"start":{"line":143,"column":0},"end":{"line":143,"column":0}},"143":{"start":{"line":144,"column":0},"end":{"line":144,"column":6}},"144":{"start":{"line":145,"column":0},"end":{"line":145,"column":109}},"145":{"start":{"line":146,"column":0},"end":{"line":146,"column":7}},"146":{"start":{"line":147,"column":0},"end":{"line":147,"column":72}},"147":{"start":{"line":148,"column":0},"end":{"line":148,"column":12}},"148":{"start":{"line":149,"column":0},"end":{"line":149,"column":17}},"149":{"start":{"line":150,"column":0},"end":{"line":150,"column":45}},"150":{"start":{"line":151,"column":0},"end":{"line":151,"column":43}},"151":{"start":{"line":152,"column":0},"end":{"line":152,"column":17}},"152":{"start":{"line":153,"column":0},"end":{"line":153,"column":0}},"153":{"start":{"line":154,"column":0},"end":{"line":154,"column":55}},"154":{"start":{"line":155,"column":0},"end":{"line":155,"column":97}},"155":{"start":{"line":156,"column":0},"end":{"line":156,"column":147}},"156":{"start":{"line":157,"column":0},"end":{"line":157,"column":68}},"157":{"start":{"line":158,"column":0},"end":{"line":158,"column":113}},"158":{"start":{"line":159,"column":0},"end":{"line":159,"column":55}},"159":{"start":{"line":160,"column":0},"end":{"line":160,"column":12}},"160":{"start":{"line":161,"column":0},"end":{"line":161,"column":126}},"161":{"start":{"line":162,"column":0},"end":{"line":162,"column":5}},"162":{"start":{"line":163,"column":0},"end":{"line":163,"column":0}},"163":{"start":{"line":164,"column":0},"end":{"line":164,"column":6}},"164":{"start":{"line":165,"column":0},"end":{"line":165,"column":117}},"165":{"start":{"line":166,"column":0},"end":{"line":166,"column":7}},"166":{"start":{"line":167,"column":0},"end":{"line":167,"column":63}},"167":{"start":{"line":168,"column":0},"end":{"line":168,"column":12}},"168":{"start":{"line":169,"column":0},"end":{"line":169,"column":17}},"169":{"start":{"line":170,"column":0},"end":{"line":170,"column":43}},"170":{"start":{"line":171,"column":0},"end":{"line":171,"column":37}},"171":{"start":{"line":172,"column":0},"end":{"line":172,"column":17}},"172":{"start":{"line":173,"column":0},"end":{"line":173,"column":0}},"173":{"start":{"line":174,"column":0},"end":{"line":174,"column":71}},"174":{"start":{"line":175,"column":0},"end":{"line":175,"column":119}},"175":{"start":{"line":176,"column":0},"end":{"line":176,"column":66}},"176":{"start":{"line":177,"column":0},"end":{"line":177,"column":0}},"177":{"start":{"line":178,"column":0},"end":{"line":178,"column":43}},"178":{"start":{"line":179,"column":0},"end":{"line":179,"column":100}},"179":{"start":{"line":180,"column":0},"end":{"line":180,"column":12}},"180":{"start":{"line":181,"column":0},"end":{"line":181,"column":53}},"181":{"start":{"line":182,"column":0},"end":{"line":182,"column":105}},"182":{"start":{"line":183,"column":0},"end":{"line":183,"column":50}},"183":{"start":{"line":184,"column":0},"end":{"line":184,"column":76}},"184":{"start":{"line":185,"column":0},"end":{"line":185,"column":16}},"185":{"start":{"line":186,"column":0},"end":{"line":186,"column":101}},"186":{"start":{"line":187,"column":0},"end":{"line":187,"column":81}},"187":{"start":{"line":188,"column":0},"end":{"line":188,"column":9}},"188":{"start":{"line":189,"column":0},"end":{"line":189,"column":5}},"189":{"start":{"line":190,"column":0},"end":{"line":190,"column":57}},"190":{"start":{"line":191,"column":0},"end":{"line":191,"column":1}}},"s":{"0":1,"1":1,"2":1,"3":1,"4":1,"5":1,"6":1,"7":2,"8":2,"9":2,"10":0,"11":0,"12":2,"13":2,"14":2,"15":2,"16":28,"17":28,"18":22,"19":22,"20":6,"21":6,"22":6,"23":0,"24":0,"25":6,"26":6,"27":28,"28":60,"29":0,"30":0,"31":60,"32":2,"33":2,"34":2,"35":2,"36":2,"37":60,"38":6,"39":2,"40":0,"41":0,"42":2,"43":2,"44":1,"45":1,"46":1,"47":1,"48":1,"49":0,"50":0,"51":1,"52":1,"53":1,"54":1,"55":14,"56":14,"57":11,"58":11,"59":3,"60":3,"61":3,"62":0,"63":0,"64":3,"65":3,"66":14,"67":30,"68":30,"69":3,"70":3,"71":3,"72":30,"73":30,"74":3,"75":1,"76":0,"77":0,"78":1,"79":1,"80":1,"81":1,"82":2,"83":2,"84":2,"85":2,"86":2,"87":2,"88":2,"89":28,"90":28,"91":22,"92":22,"93":22,"94":22,"95":28,"96":60,"97":60,"98":4,"99":60,"100":56,"101":56,"102":60,"103":6,"104":2,"105":2,"106":2,"107":2,"108":1,"109":1,"110":1,"111":1,"112":1,"113":1,"114":1,"115":0,"116":0,"117":0,"118":0,"119":0,"120":0,"121":0,"122":0,"123":0,"124":0,"125":0,"126":0,"127":0,"128":0,"129":0,"130":0,"131":0,"132":0,"133":0,"134":0,"135":0,"136":0,"137":0,"138":0,"139":0,"140":0,"141":0,"142":0,"143":0,"144":0,"145":0,"146":0,"147":0,"148":0,"149":0,"150":0,"151":0,"152":0,"153":0,"154":0,"155":0,"156":0,"157":0,"158":0,"159":0,"160":0,"161":0,"162":0,"163":0,"164":0,"165":0,"166":0,"167":0,"168":0,"169":0,"170":0,"171":0,"172":0,"173":0,"174":0,"175":0,"176":0,"177":0,"178":0,"179":0,"180":0,"181":0,"182":0,"183":0,"184":0,"185":0,"186":0,"187":0,"188":0,"189":0,"190":0},"branchMap":{"0":{"type":"branch","line":2,"loc":{"start":{"line":2,"column":-1},"end":{"line":191,"column":1}},"locations":[{"start":{"line":2,"column":-1},"end":{"line":191,"column":1}}]},"1":{"type":"branch","line":7,"loc":{"start":{"line":7,"column":7},"end":{"line":44,"column":1}},"locations":[{"start":{"line":7,"column":7},"end":{"line":44,"column":1}}]},"2":{"type":"branch","line":10,"loc":{"start":{"line":10,"column":49},"end":{"line":12,"column":5}},"locations":[{"start":{"line":10,"column":49},"end":{"line":12,"column":5}}]},"3":{"type":"branch","line":16,"loc":{"start":{"line":16,"column":37},"end":{"line":39,"column":5}},"locations":[{"start":{"line":16,"column":37},"end":{"line":39,"column":5}}]},"4":{"type":"branch","line":18,"loc":{"start":{"line":18,"column":34},"end":{"line":20,"column":9}},"locations":[{"start":{"line":18,"column":34},"end":{"line":20,"column":9}}]},"5":{"type":"branch","line":21,"loc":{"start":{"line":21,"column":-1},"end":{"line":28,"column":54}},"locations":[{"start":{"line":21,"column":-1},"end":{"line":28,"column":54}}]},"6":{"type":"branch","line":23,"loc":{"start":{"line":23,"column":31},"end":{"line":25,"column":13}},"locations":[{"start":{"line":23,"column":31},"end":{"line":25,"column":13}}]},"7":{"type":"branch","line":28,"loc":{"start":{"line":28,"column":54},"end":{"line":38,"column":9}},"locations":[{"start":{"line":28,"column":54},"end":{"line":38,"column":9}}]},"8":{"type":"branch","line":29,"loc":{"start":{"line":29,"column":44},"end":{"line":31,"column":13}},"locations":[{"start":{"line":29,"column":44},"end":{"line":31,"column":13}}]},"9":{"type":"branch","line":32,"loc":{"start":{"line":32,"column":89},"end":{"line":37,"column":13}},"locations":[{"start":{"line":32,"column":89},"end":{"line":37,"column":13}}]},"10":{"type":"branch","line":39,"loc":{"start":{"line":39,"column":-1},"end":{"line":39,"column":5}},"locations":[{"start":{"line":39,"column":-1},"end":{"line":39,"column":5}}]},"11":{"type":"branch","line":40,"loc":{"start":{"line":40,"column":23},"end":{"line":42,"column":5}},"locations":[{"start":{"line":40,"column":23},"end":{"line":42,"column":5}}]},"12":{"type":"branch","line":46,"loc":{"start":{"line":46,"column":7},"end":{"line":80,"column":1}},"locations":[{"start":{"line":46,"column":7},"end":{"line":80,"column":1}}]},"13":{"type":"branch","line":49,"loc":{"start":{"line":49,"column":45},"end":{"line":51,"column":5}},"locations":[{"start":{"line":49,"column":45},"end":{"line":51,"column":5}}]},"14":{"type":"branch","line":55,"loc":{"start":{"line":55,"column":37},"end":{"line":75,"column":5}},"locations":[{"start":{"line":55,"column":37},"end":{"line":75,"column":5}}]},"15":{"type":"branch","line":57,"loc":{"start":{"line":57,"column":34},"end":{"line":59,"column":9}},"locations":[{"start":{"line":57,"column":34},"end":{"line":59,"column":9}}]},"16":{"type":"branch","line":60,"loc":{"start":{"line":60,"column":-1},"end":{"line":67,"column":54}},"locations":[{"start":{"line":60,"column":-1},"end":{"line":67,"column":54}}]},"17":{"type":"branch","line":62,"loc":{"start":{"line":62,"column":31},"end":{"line":64,"column":13}},"locations":[{"start":{"line":62,"column":31},"end":{"line":64,"column":13}}]},"18":{"type":"branch","line":67,"loc":{"start":{"line":67,"column":54},"end":{"line":74,"column":9}},"locations":[{"start":{"line":67,"column":54},"end":{"line":74,"column":9}}]},"19":{"type":"branch","line":69,"loc":{"start":{"line":69,"column":40},"end":{"line":72,"column":17}},"locations":[{"start":{"line":69,"column":40},"end":{"line":72,"column":17}}]},"20":{"type":"branch","line":75,"loc":{"start":{"line":75,"column":-1},"end":{"line":75,"column":5}},"locations":[{"start":{"line":75,"column":-1},"end":{"line":75,"column":5}}]},"21":{"type":"branch","line":76,"loc":{"start":{"line":76,"column":23},"end":{"line":78,"column":5}},"locations":[{"start":{"line":76,"column":23},"end":{"line":78,"column":5}}]},"22":{"type":"branch","line":82,"loc":{"start":{"line":82,"column":7},"end":{"line":108,"column":1}},"locations":[{"start":{"line":82,"column":7},"end":{"line":108,"column":1}}]},"23":{"type":"branch","line":89,"loc":{"start":{"line":89,"column":37},"end":{"line":104,"column":5}},"locations":[{"start":{"line":89,"column":37},"end":{"line":104,"column":5}}]},"24":{"type":"branch","line":91,"loc":{"start":{"line":91,"column":34},"end":{"line":95,"column":9}},"locations":[{"start":{"line":91,"column":34},"end":{"line":95,"column":9}}]},"25":{"type":"branch","line":93,"loc":{"start":{"line":93,"column":16},"end":{"line":93,"column":76}},"locations":[{"start":{"line":93,"column":16},"end":{"line":93,"column":76}}]},"26":{"type":"branch","line":96,"loc":{"start":{"line":96,"column":-1},"end":{"line":96,"column":54}},"locations":[{"start":{"line":96,"column":-1},"end":{"line":96,"column":54}}]},"27":{"type":"branch","line":96,"loc":{"start":{"line":96,"column":54},"end":{"line":103,"column":9}},"locations":[{"start":{"line":96,"column":54},"end":{"line":103,"column":9}}]},"28":{"type":"branch","line":98,"loc":{"start":{"line":98,"column":93},"end":{"line":100,"column":13}},"locations":[{"start":{"line":98,"column":93},"end":{"line":100,"column":13}}]},"29":{"type":"branch","line":100,"loc":{"start":{"line":100,"column":13},"end":{"line":102,"column":13}},"locations":[{"start":{"line":100,"column":13},"end":{"line":102,"column":13}}]},"30":{"type":"branch","line":104,"loc":{"start":{"line":104,"column":-1},"end":{"line":104,"column":5}},"locations":[{"start":{"line":104,"column":-1},"end":{"line":104,"column":5}}]}},"b":{"0":[1],"1":[2],"2":[0],"3":[28],"4":[22],"5":[6],"6":[0],"7":[60],"8":[0],"9":[2],"10":[6],"11":[0],"12":[1],"13":[0],"14":[14],"15":[11],"16":[3],"17":[0],"18":[30],"19":[3],"20":[3],"21":[0],"22":[2],"23":[28],"24":[22],"25":[0],"26":[6],"27":[60],"28":[4],"29":[56],"30":[6]},"fnMap":{"0":{"name":"daysUnderMinimalDownload","decl":{"start":{"line":7,"column":7},"end":{"line":44,"column":1}},"loc":{"start":{"line":7,"column":7},"end":{"line":44,"column":1}},"line":7},"1":{"name":"analyzeDailyNintyPercentDownloadAtLeast","decl":{"start":{"line":46,"column":7},"end":{"line":80,"column":1}},"loc":{"start":{"line":46,"column":7},"end":{"line":80,"column":1}},"line":46},"2":{"name":"analyzeBelowNintyPercentDownload","decl":{"start":{"line":82,"column":7},"end":{"line":108,"column":1}},"loc":{"start":{"line":82,"column":7},"end":{"line":108,"column":1}},"line":82},"3":{"name":"printGermanComplianceReport","decl":{"start":{"line":115,"column":7},"end":{"line":191,"column":1}},"loc":{"start":{"line":115,"column":7},"end":{"line":191,"column":1}},"line":115}},"f":{"0":2,"1":1,"2":2,"3":0}}
,"/Users/dels/git/github/speedtest/lib/config_helper.js": {"path":"/Users/dels/git/github/speedtest/lib/config_helper.js","all":false,"statementMap":{"0":{"start":{"line":1,"column":0},"end":{"line":1,"column":0}},"1":{"start":{"line":2,"column":0},"end":{"line":2,"column":31}},"2":{"start":{"line":3,"column":0},"end":{"line":3,"column":36}},"3":{"start":{"line":4,"column":0},"end":{"line":4,"column":0}},"4":{"start":{"line":5,"column":0},"end":{"line":5,"column":53}},"5":{"start":{"line":6,"column":0},"end":{"line":6,"column":0}},"6":{"start":{"line":7,"column":0},"end":{"line":7,"column":25}},"7":{"start":{"line":8,"column":0},"end":{"line":8,"column":17}},"8":{"start":{"line":9,"column":0},"end":{"line":9,"column":65}},"9":{"start":{"line":10,"column":0},"end":{"line":10,"column":14}},"10":{"start":{"line":11,"column":0},"end":{"line":11,"column":5}},"11":{"start":{"line":12,"column":0},"end":{"line":12,"column":42}},"12":{"start":{"line":13,"column":0},"end":{"line":13,"column":54}},"13":{"start":{"line":14,"column":0},"end":{"line":14,"column":54}},"14":{"start":{"line":15,"column":0},"end":{"line":15,"column":51}},"15":{"start":{"line":16,"column":0},"end":{"line":16,"column":38}},"16":{"start":{"line":17,"column":0},"end":{"line":17,"column":1}},"17":{"start":{"line":18,"column":0},"end":{"line":18,"column":0}},"18":{"start":{"line":19,"column":0},"end":{"line":19,"column":30}},"19":{"start":{"line":20,"column":0},"end":{"line":20,"column":24}},"20":{"start":{"line":21,"column":0},"end":{"line":21,"column":29}},"21":{"start":{"line":22,"column":0},"end":{"line":22,"column":27}},"22":{"start":{"line":23,"column":0},"end":{"line":23,"column":33}},"23":{"start":{"line":24,"column":0},"end":{"line":24,"column":31}},"24":{"start":{"line":25,"column":0},"end":{"line":25,"column":33}},"25":{"start":{"line":26,"column":0},"end":{"line":26,"column":31}},"26":{"start":{"line":27,"column":0},"end":{"line":27,"column":5}},"27":{"start":{"line":28,"column":0},"end":{"line":28,"column":35}},"28":{"start":{"line":29,"column":0},"end":{"line":29,"column":66}},"29":{"start":{"line":30,"column":0},"end":{"line":30,"column":72}},"30":{"start":{"line":31,"column":0},"end":{"line":31,"column":33}},"31":{"start":{"line":32,"column":0},"end":{"line":32,"column":71}},"32":{"start":{"line":33,"column":0},"end":{"line":33,"column":21}},"33":{"start":{"line":34,"column":0},"end":{"line":34,"column":9}},"34":{"start":{"line":35,"column":0},"end":{"line":35,"column":5}},"35":{"start":{"line":36,"column":0},"end":{"line":36,"column":1}},"36":{"start":{"line":37,"column":0},"end":{"line":37,"column":0}},"37":{"start":{"line":38,"column":0},"end":{"line":38,"column":30}},"38":{"start":{"line":39,"column":0},"end":{"line":39,"column":25}},"39":{"start":{"line":40,"column":0},"end":{"line":40,"column":19}},"40":{"start":{"line":41,"column":0},"end":{"line":41,"column":5}},"41":{"start":{"line":42,"column":0},"end":{"line":42,"column":82}},"42":{"start":{"line":43,"column":0},"end":{"line":43,"column":1}},"43":{"start":{"line":44,"column":0},"end":{"line":44,"column":0}},"44":{"start":{"line":45,"column":0},"end":{"line":45,"column":41}},"45":{"start":{"line":46,"column":0},"end":{"line":46,"column":17}},"46":{"start":{"line":47,"column":0},"end":{"line":47,"column":24}},"47":{"start":{"line":48,"column":0},"end":{"line":48,"column":32}},"48":{"start":{"line":49,"column":0},"end":{"line":49,"column":5}},"49":{"start":{"line":50,"column":0},"end":{"line":50,"column":25}},"50":{"start":{"line":51,"column":0},"end":{"line":51,"column":33}},"51":{"start":{"line":52,"column":0},"end":{"line":52,"column":31}},"52":{"start":{"line":53,"column":0},"end":{"line":53,"column":5}},"53":{"start":{"line":54,"column":0},"end":{"line":54,"column":49}},"54":{"start":{"line":55,"column":0},"end":{"line":55,"column":39}},"55":{"start":{"line":56,"column":0},"end":{"line":56,"column":74}},"56":{"start":{"line":57,"column":0},"end":{"line":57,"column":9}},"57":{"start":{"line":58,"column":0},"end":{"line":58,"column":5}},"58":{"start":{"line":59,"column":0},"end":{"line":59,"column":44}},"59":{"start":{"line":60,"column":0},"end":{"line":60,"column":39}},"60":{"start":{"line":61,"column":0},"end":{"line":61,"column":95}},"61":{"start":{"line":62,"column":0},"end":{"line":62,"column":9}},"62":{"start":{"line":63,"column":0},"end":{"line":63,"column":32}},"63":{"start":{"line":64,"column":0},"end":{"line":64,"column":5}},"64":{"start":{"line":65,"column":0},"end":{"line":65,"column":19}},"65":{"start":{"line":66,"column":0},"end":{"line":66,"column":14}},"66":{"start":{"line":67,"column":0},"end":{"line":67,"column":1}},"67":{"start":{"line":68,"column":0},"end":{"line":68,"column":0}},"68":{"start":{"line":69,"column":0},"end":{"line":69,"column":32}},"69":{"start":{"line":70,"column":0},"end":{"line":70,"column":17}},"70":{"start":{"line":71,"column":0},"end":{"line":71,"column":34}},"71":{"start":{"line":72,"column":0},"end":{"line":72,"column":76}},"72":{"start":{"line":73,"column":0},"end":{"line":73,"column":28}},"73":{"start":{"line":74,"column":0},"end":{"line":74,"column":83}},"74":{"start":{"line":75,"column":0},"end":{"line":75,"column":9}},"75":{"start":{"line":76,"column":0},"end":{"line":76,"column":22}},"76":{"start":{"line":77,"column":0},"end":{"line":77,"column":5}},"77":{"start":{"line":78,"column":0},"end":{"line":78,"column":37}},"78":{"start":{"line":79,"column":0},"end":{"line":79,"column":24}},"79":{"start":{"line":80,"column":0},"end":{"line":80,"column":60}},"80":{"start":{"line":81,"column":0},"end":{"line":81,"column":5}},"81":{"start":{"line":82,"column":0},"end":{"line":82,"column":18}},"82":{"start":{"line":83,"column":0},"end":{"line":83,"column":1}}},"s":{"0":1,"1":4,"2":4,"3":4,"4":4,"5":4,"6":4,"7":4,"8":4,"9":3,"10":3,"11":1,"12":1,"13":1,"14":1,"15":1,"16":4,"17":4,"18":4,"19":0,"20":0,"21":0,"22":0,"23":0,"24":0,"25":0,"26":0,"27":0,"28":0,"29":0,"30":0,"31":0,"32":0,"33":0,"34":0,"35":0,"36":4,"37":4,"38":177,"39":173,"40":173,"41":4,"42":177,"43":4,"44":4,"45":4,"46":4,"47":2,"48":2,"49":4,"50":2,"51":2,"52":2,"53":4,"54":0,"55":0,"56":0,"57":0,"58":4,"59":1,"60":0,"61":0,"62":1,"63":1,"64":4,"65":4,"66":4,"67":4,"68":4,"69":0,"70":0,"71":0,"72":0,"73":0,"74":0,"75":0,"76":0,"77":0,"78":0,"79":0,"80":0,"81":0,"82":0},"branchMap":{"0":{"type":"branch","line":2,"loc":{"start":{"line":2,"column":-1},"end":{"line":83,"column":1}},"locations":[{"start":{"line":2,"column":-1},"end":{"line":83,"column":1}}]},"1":{"type":"branch","line":7,"loc":{"start":{"line":7,"column":0},"end":{"line":17,"column":1}},"locations":[{"start":{"line":7,"column":0},"end":{"line":17,"column":1}}]},"2":{"type":"branch","line":9,"loc":{"start":{"line":9,"column":33},"end":{"line":9,"column":63}},"locations":[{"start":{"line":9,"column":33},"end":{"line":9,"column":63}}]},"3":{"type":"branch","line":9,"loc":{"start":{"line":9,"column":64},"end":{"line":11,"column":5}},"locations":[{"start":{"line":9,"column":64},"end":{"line":11,"column":5}}]},"4":{"type":"branch","line":12,"loc":{"start":{"line":12,"column":-1},"end":{"line":17,"column":0}},"locations":[{"start":{"line":12,"column":-1},"end":{"line":17,"column":0}}]},"5":{"type":"branch","line":38,"loc":{"start":{"line":38,"column":7},"end":{"line":43,"column":1}},"locations":[{"start":{"line":38,"column":7},"end":{"line":43,"column":1}}]},"6":{"type":"branch","line":39,"loc":{"start":{"line":39,"column":11},"end":{"line":39,"column":23}},"locations":[{"start":{"line":39,"column":11},"end":{"line":39,"column":23}}]},"7":{"type":"branch","line":39,"loc":{"start":{"line":39,"column":24},"end":{"line":41,"column":5}},"locations":[{"start":{"line":39,"column":24},"end":{"line":41,"column":5}}]},"8":{"type":"branch","line":42,"loc":{"start":{"line":42,"column":-1},"end":{"line":43,"column":0}},"locations":[{"start":{"line":42,"column":-1},"end":{"line":43,"column":0}}]},"9":{"type":"branch","line":45,"loc":{"start":{"line":45,"column":7},"end":{"line":67,"column":1}},"locations":[{"start":{"line":45,"column":7},"end":{"line":67,"column":1}}]},"10":{"type":"branch","line":47,"loc":{"start":{"line":47,"column":23},"end":{"line":49,"column":5}},"locations":[{"start":{"line":47,"column":23},"end":{"line":49,"column":5}}]},"11":{"type":"branch","line":50,"loc":{"start":{"line":50,"column":24},"end":{"line":53,"column":5}},"locations":[{"start":{"line":50,"column":24},"end":{"line":53,"column":5}}]},"12":{"type":"branch","line":54,"loc":{"start":{"line":54,"column":22},"end":{"line":54,"column":47}},"locations":[{"start":{"line":54,"column":22},"end":{"line":54,"column":47}}]},"13":{"type":"branch","line":54,"loc":{"start":{"line":54,"column":48},"end":{"line":58,"column":5}},"locations":[{"start":{"line":54,"column":48},"end":{"line":58,"column":5}}]},"14":{"type":"branch","line":59,"loc":{"start":{"line":59,"column":24},"end":{"line":59,"column":42}},"locations":[{"start":{"line":59,"column":24},"end":{"line":59,"column":42}}]},"15":{"type":"branch","line":59,"loc":{"start":{"line":59,"column":43},"end":{"line":64,"column":5}},"locations":[{"start":{"line":59,"column":43},"end":{"line":64,"column":5}}]},"16":{"type":"branch","line":60,"loc":{"start":{"line":60,"column":38},"end":{"line":62,"column":9}},"locations":[{"start":{"line":60,"column":38},"end":{"line":62,"column":9}}]}},"b":{"0":[4],"1":[4],"2":[1],"3":[3],"4":[1],"5":[177],"6":[175],"7":[173],"8":[4],"9":[4],"10":[2],"11":[2],"12":[0],"13":[0],"14":[1],"15":[1],"16":[0]},"fnMap":{"0":{"name":"printDebug","decl":{"start":{"line":7,"column":0},"end":{"line":17,"column":1}},"loc":{"start":{"line":7,"column":0},"end":{"line":17,"column":1}},"line":7},"1":{"name":"checkConfig","decl":{"start":{"line":19,"column":7},"end":{"line":36,"column":1}},"loc":{"start":{"line":19,"column":7},"end":{"line":36,"column":1}},"line":19},"2":{"name":"cliValid","decl":{"start":{"line":38,"column":7},"end":{"line":43,"column":1}},"loc":{"start":{"line":38,"column":7},"end":{"line":43,"column":1}},"line":38},"3":{"name":"checkAndAdjustFlags","decl":{"start":{"line":45,"column":7},"end":{"line":67,"column":1}},"loc":{"start":{"line":45,"column":7},"end":{"line":67,"column":1}},"line":45},"4":{"name":"getDataDir","decl":{"start":{"line":69,"column":7},"end":{"line":83,"column":1}},"loc":{"start":{"line":69,"column":7},"end":{"line":83,"column":1}},"line":69}},"f":{"0":4,"1":0,"2":177,"3":4,"4":0}}
,"/Users/dels/git/github/speedtest/lib/date_time_utils.js": {"path":"/Users/dels/git/github/speedtest/lib/date_time_utils.js","all":false,"statementMap":{"0":{"start":{"line":1,"column":0},"end":{"line":1,"column":0}},"1":{"start":{"line":2,"column":0},"end":{"line":2,"column":45}},"2":{"start":{"line":3,"column":0},"end":{"line":3,"column":0}},"3":{"start":{"line":4,"column":0},"end":{"line":4,"column":70}},"4":{"start":{"line":5,"column":0},"end":{"line":5,"column":17}},"5":{"start":{"line":6,"column":0},"end":{"line":6,"column":23}},"6":{"start":{"line":7,"column":0},"end":{"line":7,"column":73}},"7":{"start":{"line":8,"column":0},"end":{"line":8,"column":5}},"8":{"start":{"line":9,"column":0},"end":{"line":9,"column":20}},"9":{"start":{"line":10,"column":0},"end":{"line":10,"column":24}},"10":{"start":{"line":11,"column":0},"end":{"line":11,"column":5}},"11":{"start":{"line":12,"column":0},"end":{"line":12,"column":84}},"12":{"start":{"line":13,"column":0},"end":{"line":13,"column":58}},"13":{"start":{"line":14,"column":0},"end":{"line":14,"column":5}},"14":{"start":{"line":15,"column":0},"end":{"line":15,"column":14}},"15":{"start":{"line":16,"column":0},"end":{"line":16,"column":1}},"16":{"start":{"line":17,"column":0},"end":{"line":17,"column":0}},"17":{"start":{"line":18,"column":0},"end":{"line":18,"column":75}},"18":{"start":{"line":19,"column":0},"end":{"line":19,"column":55}},"19":{"start":{"line":20,"column":0},"end":{"line":20,"column":77}},"20":{"start":{"line":21,"column":0},"end":{"line":21,"column":13}},"21":{"start":{"line":22,"column":0},"end":{"line":22,"column":77}},"22":{"start":{"line":23,"column":0},"end":{"line":23,"column":1}},"23":{"start":{"line":24,"column":0},"end":{"line":24,"column":0}},"24":{"start":{"line":25,"column":0},"end":{"line":25,"column":66}},"25":{"start":{"line":26,"column":0},"end":{"line":26,"column":55}},"26":{"start":{"line":27,"column":0},"end":{"line":27,"column":77}},"27":{"start":{"line":28,"column":0},"end":{"line":28,"column":77}},"28":{"start":{"line":29,"column":0},"end":{"line":29,"column":0}},"29":{"start":{"line":30,"column":0},"end":{"line":30,"column":1}},"30":{"start":{"line":31,"column":0},"end":{"line":31,"column":0}},"31":{"start":{"line":32,"column":0},"end":{"line":32,"column":67}},"32":{"start":{"line":33,"column":0},"end":{"line":33,"column":17}},"33":{"start":{"line":34,"column":0},"end":{"line":34,"column":23}},"34":{"start":{"line":35,"column":0},"end":{"line":35,"column":50}},"35":{"start":{"line":36,"column":0},"end":{"line":36,"column":5}},"36":{"start":{"line":37,"column":0},"end":{"line":37,"column":20}},"37":{"start":{"line":38,"column":0},"end":{"line":38,"column":24}},"38":{"start":{"line":39,"column":0},"end":{"line":39,"column":5}},"39":{"start":{"line":40,"column":0},"end":{"line":40,"column":74}},"40":{"start":{"line":41,"column":0},"end":{"line":41,"column":49}},"41":{"start":{"line":42,"column":0},"end":{"line":42,"column":5}},"42":{"start":{"line":43,"column":0},"end":{"line":43,"column":14}},"43":{"start":{"line":44,"column":0},"end":{"line":44,"column":1}},"44":{"start":{"line":45,"column":0},"end":{"line":45,"column":0}},"45":{"start":{"line":46,"column":0},"end":{"line":46,"column":77}},"46":{"start":{"line":47,"column":0},"end":{"line":47,"column":53}},"47":{"start":{"line":48,"column":0},"end":{"line":48,"column":13}},"48":{"start":{"line":49,"column":0},"end":{"line":49,"column":33}},"49":{"start":{"line":50,"column":0},"end":{"line":50,"column":100}},"50":{"start":{"line":51,"column":0},"end":{"line":51,"column":74}},"51":{"start":{"line":52,"column":0},"end":{"line":52,"column":1}},"52":{"start":{"line":53,"column":0},"end":{"line":53,"column":0}},"53":{"start":{"line":54,"column":0},"end":{"line":54,"column":68}},"54":{"start":{"line":55,"column":0},"end":{"line":55,"column":53}},"55":{"start":{"line":56,"column":0},"end":{"line":56,"column":13}},"56":{"start":{"line":57,"column":0},"end":{"line":57,"column":27}},"57":{"start":{"line":58,"column":0},"end":{"line":58,"column":95}},"58":{"start":{"line":59,"column":0},"end":{"line":59,"column":73}},"59":{"start":{"line":60,"column":0},"end":{"line":60,"column":1}},"60":{"start":{"line":61,"column":0},"end":{"line":61,"column":0}},"61":{"start":{"line":62,"column":0},"end":{"line":62,"column":28}},"62":{"start":{"line":63,"column":0},"end":{"line":63,"column":17}},"63":{"start":{"line":64,"column":0},"end":{"line":64,"column":54}},"64":{"start":{"line":65,"column":0},"end":{"line":65,"column":0}},"65":{"start":{"line":66,"column":0},"end":{"line":66,"column":1}}},"s":{"0":1,"1":4,"2":4,"3":36,"4":36,"5":36,"6":33,"7":33,"8":36,"9":3,"10":3,"11":36,"12":21,"13":21,"14":36,"15":36,"16":4,"17":4,"18":8,"19":8,"20":8,"21":8,"22":8,"23":4,"24":4,"25":28,"26":28,"27":28,"28":28,"29":28,"30":4,"31":110,"32":110,"33":110,"34":106,"35":106,"36":110,"37":4,"38":4,"39":110,"40":75,"41":75,"42":110,"43":110,"44":4,"45":4,"46":8,"47":8,"48":8,"49":8,"50":8,"51":8,"52":4,"53":4,"54":102,"55":102,"56":102,"57":102,"58":102,"59":102,"60":4,"61":4,"62":3,"63":3,"64":3,"65":3},"branchMap":{"0":{"type":"branch","line":2,"loc":{"start":{"line":2,"column":-1},"end":{"line":66,"column":1}},"locations":[{"start":{"line":2,"column":-1},"end":{"line":66,"column":1}}]},"1":{"type":"branch","line":4,"loc":{"start":{"line":4,"column":0},"end":{"line":16,"column":1}},"locations":[{"start":{"line":4,"column":0},"end":{"line":16,"column":1}}]},"2":{"type":"branch","line":6,"loc":{"start":{"line":6,"column":22},"end":{"line":8,"column":5}},"locations":[{"start":{"line":6,"column":22},"end":{"line":8,"column":5}}]},"3":{"type":"branch","line":9,"loc":{"start":{"line":9,"column":19},"end":{"line":11,"column":5}},"locations":[{"start":{"line":9,"column":19},"end":{"line":11,"column":5}}]},"4":{"type":"branch","line":12,"loc":{"start":{"line":12,"column":24},"end":{"line":12,"column":59}},"locations":[{"start":{"line":12,"column":24},"end":{"line":12,"column":59}}]},"5":{"type":"branch","line":12,"loc":{"start":{"line":12,"column":60},"end":{"line":12,"column":82}},"locations":[{"start":{"line":12,"column":60},"end":{"line":12,"column":82}}]},"6":{"type":"branch","line":12,"loc":{"start":{"line":12,"column":83},"end":{"line":14,"column":5}},"locations":[{"start":{"line":12,"column":83},"end":{"line":14,"column":5}}]},"7":{"type":"branch","line":18,"loc":{"start":{"line":18,"column":7},"end":{"line":23,"column":1}},"locations":[{"start":{"line":18,"column":7},"end":{"line":23,"column":1}}]},"8":{"type":"branch","line":20,"loc":{"start":{"line":20,"column":37},"end":{"line":20,"column":59}},"locations":[{"start":{"line":20,"column":37},"end":{"line":20,"column":59}}]},"9":{"type":"branch","line":20,"loc":{"start":{"line":20,"column":60},"end":{"line":20,"column":76}},"locations":[{"start":{"line":20,"column":60},"end":{"line":20,"column":76}}]},"10":{"type":"branch","line":22,"loc":{"start":{"line":22,"column":33},"end":{"line":22,"column":57}},"locations":[{"start":{"line":22,"column":33},"end":{"line":22,"column":57}}]},"11":{"type":"branch","line":22,"loc":{"start":{"line":22,"column":58},"end":{"line":22,"column":76}},"locations":[{"start":{"line":22,"column":58},"end":{"line":22,"column":76}}]},"12":{"type":"branch","line":25,"loc":{"start":{"line":25,"column":7},"end":{"line":30,"column":1}},"locations":[{"start":{"line":25,"column":7},"end":{"line":30,"column":1}}]},"13":{"type":"branch","line":27,"loc":{"start":{"line":27,"column":37},"end":{"line":27,"column":59}},"locations":[{"start":{"line":27,"column":37},"end":{"line":27,"column":59}}]},"14":{"type":"branch","line":27,"loc":{"start":{"line":27,"column":60},"end":{"line":27,"column":76}},"locations":[{"start":{"line":27,"column":60},"end":{"line":27,"column":76}}]},"15":{"type":"branch","line":28,"loc":{"start":{"line":28,"column":33},"end":{"line":28,"column":57}},"locations":[{"start":{"line":28,"column":33},"end":{"line":28,"column":57}}]},"16":{"type":"branch","line":28,"loc":{"start":{"line":28,"column":58},"end":{"line":28,"column":76}},"locations":[{"start":{"line":28,"column":58},"end":{"line":28,"column":76}}]},"17":{"type":"branch","line":32,"loc":{"start":{"line":32,"column":0},"end":{"line":44,"column":1}},"locations":[{"start":{"line":32,"column":0},"end":{"line":44,"column":1}}]},"18":{"type":"branch","line":34,"loc":{"start":{"line":34,"column":22},"end":{"line":36,"column":5}},"locations":[{"start":{"line":34,"column":22},"end":{"line":36,"column":5}}]},"19":{"type":"branch","line":37,"loc":{"start":{"line":37,"column":19},"end":{"line":39,"column":5}},"locations":[{"start":{"line":37,"column":19},"end":{"line":39,"column":5}}]},"20":{"type":"branch","line":40,"loc":{"start":{"line":40,"column":20},"end":{"line":40,"column":52}},"locations":[{"start":{"line":40,"column":20},"end":{"line":40,"column":52}}]},"21":{"type":"branch","line":40,"loc":{"start":{"line":40,"column":53},"end":{"line":40,"column":72}},"locations":[{"start":{"line":40,"column":53},"end":{"line":40,"column":72}}]},"22":{"type":"branch","line":40,"loc":{"start":{"line":40,"column":73},"end":{"line":42,"column":5}},"locations":[{"start":{"line":40,"column":73},"end":{"line":42,"column":5}}]},"23":{"type":"branch","line":46,"loc":{"start":{"line":46,"column":7},"end":{"line":52,"column":1}},"locations":[{"start":{"line":46,"column":7},"end":{"line":52,"column":1}}]},"24":{"type":"branch","line":50,"loc":{"start":{"line":50,"column":37},"end":{"line":50,"column":65}},"locations":[{"start":{"line":50,"column":37},"end":{"line":50,"column":65}}]},"25":{"type":"branch","line":50,"loc":{"start":{"line":50,"column":66},"end":{"line":50,"column":93}},"locations":[{"start":{"line":50,"column":66},"end":{"line":50,"column":93}}]},"26":{"type":"branch","line":51,"loc":{"start":{"line":51,"column":31},"end":{"line":51,"column":52}},"locations":[{"start":{"line":51,"column":31},"end":{"line":51,"column":52}}]},"27":{"type":"branch","line":51,"loc":{"start":{"line":51,"column":53},"end":{"line":51,"column":73}},"locations":[{"start":{"line":51,"column":53},"end":{"line":51,"column":73}}]},"28":{"type":"branch","line":54,"loc":{"start":{"line":54,"column":7},"end":{"line":60,"column":1}},"locations":[{"start":{"line":54,"column":7},"end":{"line":60,"column":1}}]},"29":{"type":"branch","line":58,"loc":{"start":{"line":58,"column":37},"end":{"line":58,"column":65}},"locations":[{"start":{"line":58,"column":37},"end":{"line":58,"column":65}}]},"30":{"type":"branch","line":58,"loc":{"start":{"line":58,"column":66},"end":{"line":58,"column":93}},"locations":[{"start":{"line":58,"column":66},"end":{"line":58,"column":93}}]},"31":{"type":"branch","line":59,"loc":{"start":{"line":59,"column":30},"end":{"line":59,"column":51}},"locations":[{"start":{"line":59,"column":30},"end":{"line":59,"column":51}}]},"32":{"type":"branch","line":59,"loc":{"start":{"line":59,"column":52},"end":{"line":59,"column":72}},"locations":[{"start":{"line":59,"column":52},"end":{"line":59,"column":72}}]},"33":{"type":"branch","line":62,"loc":{"start":{"line":62,"column":7},"end":{"line":66,"column":1}},"locations":[{"start":{"line":62,"column":7},"end":{"line":66,"column":1}}]}},"b":{"0":[4],"1":[36],"2":[33],"3":[3],"4":[21],"5":[15],"6":[21],"7":[8],"8":[3],"9":[5],"10":[5],"11":[3],"12":[28],"13":[4],"14":[24],"15":[16],"16":[12],"17":[110],"18":[106],"19":[4],"20":[75],"21":[35],"22":[75],"23":[8],"24":[3],"25":[5],"26":[1],"27":[7],"28":[102],"29":[4],"30":[98],"31":[2],"32":[100],"33":[3]},"fnMap":{"0":{"name":"getTodayTimeAsDate","decl":{"start":{"line":4,"column":0},"end":{"line":16,"column":1}},"loc":{"start":{"line":4,"column":0},"end":{"line":16,"column":1}},"line":4},"1":{"name":"getParseableTodayTime","decl":{"start":{"line":18,"column":7},"end":{"line":23,"column":1}},"loc":{"start":{"line":18,"column":7},"end":{"line":23,"column":1}},"line":18},"2":{"name":"getTodayTime","decl":{"start":{"line":25,"column":7},"end":{"line":30,"column":1}},"loc":{"start":{"line":25,"column":7},"end":{"line":30,"column":1}},"line":25},"3":{"name":"getTodayDateAsDate","decl":{"start":{"line":32,"column":0},"end":{"line":44,"column":1}},"loc":{"start":{"line":32,"column":0},"end":{"line":44,"column":1}},"line":32},"4":{"name":"getParseableTodayDate","decl":{"start":{"line":46,"column":7},"end":{"line":52,"column":1}},"loc":{"start":{"line":46,"column":7},"end":{"line":52,"column":1}},"line":46},"5":{"name":"getTodayDate","decl":{"start":{"line":54,"column":7},"end":{"line":60,"column":1}},"loc":{"start":{"line":54,"column":7},"end":{"line":60,"column":1}},"line":54},"6":{"name":"getNow","decl":{"start":{"line":62,"column":7},"end":{"line":66,"column":1}},"loc":{"start":{"line":62,"column":7},"end":{"line":66,"column":1}},"line":62}},"f":{"0":36,"1":8,"2":28,"3":110,"4":8,"5":102,"6":3}}
,"/Users/dels/git/github/speedtest/lib/helper.js": {"path":"/Users/dels/git/github/speedtest/lib/helper.js","all":false,"statementMap":{"0":{"start":{"line":1,"column":0},"end":{"line":1,"column":0}},"1":{"start":{"line":2,"column":0},"end":{"line":2,"column":40}},"2":{"start":{"line":3,"column":0},"end":{"line":3,"column":48}},"3":{"start":{"line":4,"column":0},"end":{"line":4,"column":19}},"4":{"start":{"line":5,"column":0},"end":{"line":5,"column":6}},"5":{"start":{"line":6,"column":0},"end":{"line":6,"column":75}},"6":{"start":{"line":7,"column":0},"end":{"line":7,"column":1}},"7":{"start":{"line":8,"column":0},"end":{"line":8,"column":0}},"8":{"start":{"line":9,"column":0},"end":{"line":9,"column":74}},"9":{"start":{"line":10,"column":0},"end":{"line":10,"column":52}},"10":{"start":{"line":11,"column":0},"end":{"line":11,"column":32}},"11":{"start":{"line":12,"column":0},"end":{"line":12,"column":62}},"12":{"start":{"line":13,"column":0},"end":{"line":13,"column":57}},"13":{"start":{"line":14,"column":0},"end":{"line":14,"column":107}},"14":{"start":{"line":15,"column":0},"end":{"line":15,"column":131}},"15":{"start":{"line":16,"column":0},"end":{"line":16,"column":9}},"16":{"start":{"line":17,"column":0},"end":{"line":17,"column":5}},"17":{"start":{"line":18,"column":0},"end":{"line":18,"column":1}}},"s":{"0":1,"1":2,"2":9,"3":9,"4":9,"5":0,"6":9,"7":2,"8":2,"9":0,"10":0,"11":0,"12":0,"13":0,"14":0,"15":0,"16":0,"17":0},"branchMap":{"0":{"type":"branch","line":2,"loc":{"start":{"line":2,"column":-1},"end":{"line":18,"column":1}},"locations":[{"start":{"line":2,"column":-1},"end":{"line":18,"column":1}}]},"1":{"type":"branch","line":2,"loc":{"start":{"line":2,"column":7},"end":{"line":7,"column":1}},"locations":[{"start":{"line":2,"column":7},"end":{"line":7,"column":1}}]},"2":{"type":"branch","line":5,"loc":{"start":{"line":5,"column":5},"end":{"line":7,"column":0}},"locations":[{"start":{"line":5,"column":5},"end":{"line":7,"column":0}}]}},"b":{"0":[2],"1":[9],"2":[0]},"fnMap":{"0":{"name":"measuresValid","decl":{"start":{"line":2,"column":7},"end":{"line":7,"column":1}},"loc":{"start":{"line":2,"column":7},"end":{"line":7,"column":1}},"line":2},"1":{"name":"printResultsSorted","decl":{"start":{"line":9,"column":7},"end":{"line":18,"column":1}},"loc":{"start":{"line":9,"column":7},"end":{"line":18,"column":1}},"line":9}},"f":{"0":9,"1":0}}
}
