TN:
SF:lib/analytics.js
FN:7,daysUnderMinimalDownload
FN:46,analyzeDailyNintyPercentDownloadAtLeast
FN:82,analyzeBelowNintyPercentDownload
FN:115,printGermanComplianceReport
FNF:4
FNH:3
FNDA:2,daysUnderMinimalDownload
FNDA:1,analyzeDailyNintyPercentDownloadAtLeast
FNDA:2,analyzeBelowNintyPercentDownload
FNDA:0,printGermanComplianceReport
DA:1,1
DA:2,1
DA:3,1
DA:4,1
DA:5,1
DA:6,1
DA:7,1
DA:8,2
DA:9,2
DA:10,2
DA:11,0
DA:12,0
DA:13,2
DA:14,2
DA:15,2
DA:16,2
DA:17,28
DA:18,28
DA:19,22
DA:20,22
DA:21,6
DA:22,6
DA:23,6
DA:24,0
DA:25,0
DA:26,6
DA:27,6
DA:28,28
DA:29,60
DA:30,0
DA:31,0
DA:32,60
DA:33,2
DA:34,2
DA:35,2
DA:36,2
DA:37,2
DA:38,60
DA:39,6
DA:40,2
DA:41,0
DA:42,0
DA:43,2
DA:44,2
DA:45,1
DA:46,1
DA:47,1
DA:48,1
DA:49,1
DA:50,0
DA:51,0
DA:52,1
DA:53,1
DA:54,1
DA:55,1
DA:56,14
DA:57,14
DA:58,11
DA:59,11
DA:60,3
DA:61,3
DA:62,3
DA:63,0
DA:64,0
DA:65,3
DA:66,3
DA:67,14
DA:68,30
DA:69,30
DA:70,3
DA:71,3
DA:72,3
DA:73,30
DA:74,30
DA:75,3
DA:76,1
DA:77,0
DA:78,0
DA:79,1
DA:80,1
DA:81,1
DA:82,1
DA:83,2
DA:84,2
DA:85,2
DA:86,2
DA:87,2
DA:88,2
DA:89,2
DA:90,28
DA:91,28
DA:92,22
DA:93,22
DA:94,22
DA:95,22
DA:96,28
DA:97,60
DA:98,60
DA:99,4
DA:100,60
DA:101,56
DA:102,56
DA:103,60
DA:104,6
DA:105,2
DA:106,2
DA:107,2
DA:108,2
DA:109,1
DA:110,1
DA:111,1
DA:112,1
DA:113,1
DA:114,1
DA:115,1
DA:116,0
DA:117,0
DA:118,0
DA:119,0
DA:120,0
DA:121,0
DA:122,0
DA:123,0
DA:124,0
DA:125,0
DA:126,0
DA:127,0
DA:128,0
DA:129,0
DA:130,0
DA:131,0
DA:132,0
DA:133,0
DA:134,0
DA:135,0
DA:136,0
DA:137,0
DA:138,0
DA:139,0
DA:140,0
DA:141,0
DA:142,0
DA:143,0
DA:144,0
DA:145,0
DA:146,0
DA:147,0
DA:148,0
DA:149,0
DA:150,0
DA:151,0
DA:152,0
DA:153,0
DA:154,0
DA:155,0
DA:156,0
DA:157,0
DA:158,0
DA:159,0
DA:160,0
DA:161,0
DA:162,0
DA:163,0
DA:164,0
DA:165,0
DA:166,0
DA:167,0
DA:168,0
DA:169,0
DA:170,0
DA:171,0
DA:172,0
DA:173,0
DA:174,0
DA:175,0
DA:176,0
DA:177,0
DA:178,0
DA:179,0
DA:180,0
DA:181,0
DA:182,0
DA:183,0
DA:184,0
DA:185,0
DA:186,0
DA:187,0
DA:188,0
DA:189,0
DA:190,0
DA:191,0
LF:191
LH:101
BRDA:2,0,0,1
BRDA:7,1,0,2
BRDA:10,2,0,0
BRDA:16,3,0,28
BRDA:18,4,0,22
BRDA:21,5,0,6
BRDA:23,6,0,0
BRDA:28,7,0,60
BRDA:29,8,0,0
BRDA:32,9,0,2
BRDA:39,10,0,6
BRDA:40,11,0,0
BRDA:46,12,0,1
BRDA:49,13,0,0
BRDA:55,14,0,14
BRDA:57,15,0,11
BRDA:60,16,0,3
BRDA:62,17,0,0
BRDA:67,18,0,30
BRDA:69,19,0,3
BRDA:75,20,0,3
BRDA:76,21,0,0
BRDA:82,22,0,2
BRDA:89,23,0,28
BRDA:91,24,0,22
BRDA:93,25,0,0
BRDA:96,26,0,6
BRDA:96,27,0,60
BRDA:98,28,0,4
BRDA:100,29,0,56
BRDA:104,30,0,6
BRF:31
BRH:23
end_of_record
TN:
SF:lib/config_helper.js
FN:7,printDebug
FN:19,checkConfig
FN:38,cliValid
FN:45,checkAndAdjustFlags
FN:69,getDataDir
FNF:5
FNH:3
FNDA:4,printDebug
FNDA:0,checkConfig
FNDA:177,cliValid
FNDA:4,checkAndAdjustFlags
FNDA:0,getDataDir
DA:1,1
DA:2,4
DA:3,4
DA:4,4
DA:5,4
DA:6,4
DA:7,4
DA:8,4
DA:9,4
DA:10,3
DA:11,3
DA:12,1
DA:13,1
DA:14,1
DA:15,1
DA:16,1
DA:17,4
DA:18,4
DA:19,4
DA:20,0
DA:21,0
DA:22,0
DA:23,0
DA:24,0
DA:25,0
DA:26,0
DA:27,0
DA:28,0
DA:29,0
DA:30,0
DA:31,0
DA:32,0
DA:33,0
DA:34,0
DA:35,0
DA:36,0
DA:37,4
DA:38,4
DA:39,177
DA:40,173
DA:41,173
DA:42,4
DA:43,177
DA:44,4
DA:45,4
DA:46,4
DA:47,4
DA:48,2
DA:49,2
DA:50,4
DA:51,2
DA:52,2
DA:53,2
DA:54,4
DA:55,0
DA:56,0
DA:57,0
DA:58,0
DA:59,4
DA:60,1
DA:61,0
DA:62,0
DA:63,1
DA:64,1
DA:65,4
DA:66,4
DA:67,4
DA:68,4
DA:69,4
DA:70,0
DA:71,0
DA:72,0
DA:73,0
DA:74,0
DA:75,0
DA:76,0
DA:77,0
DA:78,0
DA:79,0
DA:80,0
DA:81,0
DA:82,0
DA:83,0
LF:83
LH:46
BRDA:2,0,0,4
BRDA:7,1,0,4
BRDA:9,2,0,1
BRDA:9,3,0,3
BRDA:12,4,0,1
BRDA:38,5,0,177
BRDA:39,6,0,175
BRDA:39,7,0,173
BRDA:42,8,0,4
BRDA:45,9,0,4
BRDA:47,10,0,2
BRDA:50,11,0,2
BRDA:54,12,0,0
BRDA:54,13,0,0
BRDA:59,14,0,1
BRDA:59,15,0,1
BRDA:60,16,0,0
BRF:17
BRH:14
end_of_record
TN:
SF:lib/date_time_utils.js
FN:4,getTodayTimeAsDate
FN:18,getParseableTodayTime
FN:25,getTodayTime
FN:32,getTodayDateAsDate
FN:46,getParseableTodayDate
FN:54,getTodayDate
FN:62,getNow
FNF:7
FNH:7
FNDA:36,getTodayTimeAsDate
FNDA:8,getParseableTodayTime
FNDA:28,getTodayTime
FNDA:110,getTodayDateAsDate
FNDA:8,getParseableTodayDate
FNDA:102,getTodayDate
FNDA:3,getNow
DA:1,1
DA:2,4
DA:3,4
DA:4,36
DA:5,36
DA:6,36
DA:7,33
DA:8,33
DA:9,36
DA:10,3
DA:11,3
DA:12,36
DA:13,21
DA:14,21
DA:15,36
DA:16,36
DA:17,4
DA:18,4
DA:19,8
DA:20,8
DA:21,8
DA:22,8
DA:23,8
DA:24,4
DA:25,4
DA:26,28
DA:27,28
DA:28,28
DA:29,28
DA:30,28
DA:31,4
DA:32,110
DA:33,110
DA:34,110
DA:35,106
DA:36,106
DA:37,110
DA:38,4
DA:39,4
DA:40,110
DA:41,75
DA:42,75
DA:43,110
DA:44,110
DA:45,4
DA:46,4
DA:47,8
DA:48,8
DA:49,8
DA:50,8
DA:51,8
DA:52,8
DA:53,4
DA:54,4
DA:55,102
DA:56,102
DA:57,102
DA:58,102
DA:59,102
DA:60,102
DA:61,4
DA:62,4
DA:63,3
DA:64,3
DA:65,3
DA:66,3
LF:66
LH:66
BRDA:2,0,0,4
BRDA:4,1,0,36
BRDA:6,2,0,33
BRDA:9,3,0,3
BRDA:12,4,0,21
BRDA:12,5,0,15
BRDA:12,6,0,21
BRDA:18,7,0,8
BRDA:20,8,0,3
BRDA:20,9,0,5
BRDA:22,10,0,5
BRDA:22,11,0,3
BRDA:25,12,0,28
BRDA:27,13,0,4
BRDA:27,14,0,24
BRDA:28,15,0,16
BRDA:28,16,0,12
BRDA:32,17,0,110
BRDA:34,18,0,106
BRDA:37,19,0,4
BRDA:40,20,0,75
BRDA:40,21,0,35
BRDA:40,22,0,75
BRDA:46,23,0,8
BRDA:50,24,0,3
BRDA:50,25,0,5
BRDA:51,26,0,1
BRDA:51,27,0,7
BRDA:54,28,0,102
BRDA:58,29,0,4
BRDA:58,30,0,98
BRDA:59,31,0,2
BRDA:59,32,0,100
BRDA:62,33,0,3
BRF:34
BRH:34
end_of_record
TN:
SF:lib/helper.js
FN:2,measuresValid
FN:9,printResultsSorted
FNF:2
FNH:1
FNDA:9,measuresValid
FNDA:0,printResultsSorted
DA:1,1
DA:2,2
DA:3,9
DA:4,9
DA:5,9
DA:6,0
DA:7,9
DA:8,2
DA:9,2
DA:10,0
DA:11,0
DA:12,0
DA:13,0
DA:14,0
DA:15,0
DA:16,0
DA:17,0
DA:18,0
LF:18
LH:8
BRDA:2,0,0,2
BRDA:2,1,0,9
BRDA:5,2,0,0
BRF:3
BRH:2
end_of_record
