TN:
SF:__fixtures__/analytics.fixtures.js
FN:2,measuresAtThreeNonConsequtiveDaysWithinFourteenDaysWithBelowMinimumAtTwoDays
FN:255,fullyValidMeasuresAtThreeNonConsequtiveDaysWithinThirtyDays
FNF:2
FNH:2
FNDA:2,measuresAtThreeNonConsequtiveDaysWithinFourteenDaysWithBelowMinimumAtTwoDays
FNDA:3,fullyValidMeasuresAtThreeNonConsequtiveDaysWithinThirtyDays
DA:1,1
DA:2,1
DA:3,2
DA:4,2
DA:5,2
DA:6,2
DA:7,2
DA:8,2
DA:9,2
DA:10,2
DA:11,2
DA:12,2
DA:13,2
DA:14,2
DA:15,2
DA:16,2
DA:17,2
DA:18,2
DA:19,2
DA:20,2
DA:21,2
DA:22,2
DA:23,2
DA:24,2
DA:25,2
DA:26,2
DA:27,2
DA:28,2
DA:29,2
DA:30,2
DA:31,2
DA:32,2
DA:33,2
DA:34,2
DA:35,2
DA:36,2
DA:37,2
DA:38,2
DA:39,2
DA:40,2
DA:41,2
DA:42,2
DA:43,2
DA:44,2
DA:45,2
DA:46,2
DA:47,2
DA:48,2
DA:49,2
DA:50,2
DA:51,2
DA:52,2
DA:53,2
DA:54,2
DA:55,2
DA:56,2
DA:57,2
DA:58,2
DA:59,2
DA:60,2
DA:61,2
DA:62,2
DA:63,2
DA:64,2
DA:65,2
DA:66,2
DA:67,2
DA:68,2
DA:69,2
DA:70,2
DA:71,2
DA:72,2
DA:73,2
DA:74,2
DA:75,2
DA:76,2
DA:77,2
DA:78,2
DA:79,2
DA:80,2
DA:81,2
DA:82,2
DA:83,2
DA:84,2
DA:85,2
DA:86,2
DA:87,2
DA:88,2
DA:89,2
DA:90,2
DA:91,2
DA:92,2
DA:93,2
DA:94,2
DA:95,2
DA:96,2
DA:97,2
DA:98,2
DA:99,2
DA:100,2
DA:101,2
DA:102,2
DA:103,2
DA:104,2
DA:105,2
DA:106,2
DA:107,2
DA:108,2
DA:109,2
DA:110,2
DA:111,2
DA:112,2
DA:113,2
DA:114,2
DA:115,2
DA:116,2
DA:117,2
DA:118,2
DA:119,2
DA:120,2
DA:121,2
DA:122,2
DA:123,2
DA:124,2
DA:125,2
DA:126,2
DA:127,2
DA:128,2
DA:129,2
DA:130,2
DA:131,2
DA:132,2
DA:133,2
DA:134,2
DA:135,2
DA:136,2
DA:137,2
DA:138,2
DA:139,2
DA:140,2
DA:141,2
DA:142,2
DA:143,2
DA:144,2
DA:145,2
DA:146,2
DA:147,2
DA:148,2
DA:149,2
DA:150,2
DA:151,2
DA:152,2
DA:153,2
DA:154,2
DA:155,2
DA:156,2
DA:157,2
DA:158,2
DA:159,2
DA:160,2
DA:161,2
DA:162,2
DA:163,2
DA:164,2
DA:165,2
DA:166,2
DA:167,2
DA:168,2
DA:169,2
DA:170,2
DA:171,2
DA:172,2
DA:173,2
DA:174,2
DA:175,2
DA:176,2
DA:177,2
DA:178,2
DA:179,2
DA:180,2
DA:181,2
DA:182,2
DA:183,2
DA:184,2
DA:185,2
DA:186,2
DA:187,2
DA:188,2
DA:189,2
DA:190,2
DA:191,2
DA:192,2
DA:193,2
DA:194,2
DA:195,2
DA:196,2
DA:197,2
DA:198,2
DA:199,2
DA:200,2
DA:201,2
DA:202,2
DA:203,2
DA:204,2
DA:205,2
DA:206,2
DA:207,2
DA:208,2
DA:209,2
DA:210,2
DA:211,2
DA:212,2
DA:213,2
DA:214,2
DA:215,2
DA:216,2
DA:217,2
DA:218,2
DA:219,2
DA:220,2
DA:221,2
DA:222,2
DA:223,2
DA:224,2
DA:225,2
DA:226,2
DA:227,2
DA:228,2
DA:229,2
DA:230,2
DA:231,2
DA:232,2
DA:233,2
DA:234,2
DA:235,2
DA:236,2
DA:237,2
DA:238,2
DA:239,2
DA:240,2
DA:241,2
DA:242,2
DA:243,2
DA:244,2
DA:245,2
DA:246,2
DA:247,2
DA:248,2
DA:249,2
DA:250,2
DA:251,2
DA:252,2
DA:253,1
DA:254,1
DA:255,1
DA:256,3
DA:257,3
DA:258,3
DA:259,3
DA:260,3
DA:261,3
DA:262,3
DA:263,3
DA:264,3
DA:265,3
DA:266,3
DA:267,3
DA:268,3
DA:269,3
DA:270,3
DA:271,3
DA:272,3
DA:273,3
DA:274,3
DA:275,3
DA:276,3
DA:277,3
DA:278,3
DA:279,3
DA:280,3
DA:281,3
DA:282,3
DA:283,3
DA:284,3
DA:285,3
DA:286,3
DA:287,3
DA:288,3
DA:289,3
DA:290,3
DA:291,3
DA:292,3
DA:293,3
DA:294,3
DA:295,3
DA:296,3
DA:297,3
DA:298,3
DA:299,3
DA:300,3
DA:301,3
DA:302,3
DA:303,3
DA:304,3
DA:305,3
DA:306,3
DA:307,3
DA:308,3
DA:309,3
DA:310,3
DA:311,3
DA:312,3
DA:313,3
DA:314,3
DA:315,3
DA:316,3
DA:317,3
DA:318,3
DA:319,3
DA:320,3
DA:321,3
DA:322,3
DA:323,3
DA:324,3
DA:325,3
DA:326,3
DA:327,3
DA:328,3
DA:329,3
DA:330,3
DA:331,3
DA:332,3
DA:333,3
DA:334,3
DA:335,3
DA:336,3
DA:337,3
DA:338,3
DA:339,3
DA:340,3
DA:341,3
DA:342,3
DA:343,3
DA:344,3
DA:345,3
DA:346,3
DA:347,3
DA:348,3
DA:349,3
DA:350,3
DA:351,3
DA:352,3
DA:353,3
DA:354,3
DA:355,3
DA:356,3
DA:357,3
DA:358,3
DA:359,3
DA:360,3
DA:361,3
DA:362,3
DA:363,3
DA:364,3
DA:365,3
DA:366,3
DA:367,3
DA:368,3
DA:369,3
DA:370,3
DA:371,3
DA:372,3
DA:373,3
DA:374,3
DA:375,3
DA:376,3
DA:377,3
DA:378,3
DA:379,3
DA:380,3
DA:381,3
DA:382,3
DA:383,3
DA:384,3
DA:385,3
DA:386,3
DA:387,3
DA:388,3
DA:389,3
DA:390,3
DA:391,3
DA:392,3
DA:393,3
DA:394,3
DA:395,3
DA:396,3
DA:397,3
DA:398,3
DA:399,3
DA:400,3
DA:401,3
DA:402,3
DA:403,3
DA:404,3
DA:405,3
DA:406,3
DA:407,3
DA:408,3
DA:409,3
DA:410,3
DA:411,3
DA:412,3
DA:413,3
DA:414,3
DA:415,3
DA:416,3
DA:417,3
DA:418,3
DA:419,3
DA:420,3
DA:421,3
DA:422,3
DA:423,3
DA:424,3
DA:425,3
DA:426,3
DA:427,3
DA:428,3
DA:429,3
DA:430,3
DA:431,3
DA:432,3
DA:433,3
DA:434,3
DA:435,3
DA:436,3
DA:437,3
DA:438,3
DA:439,3
DA:440,3
DA:441,3
DA:442,3
DA:443,3
DA:444,3
DA:445,3
DA:446,3
DA:447,3
DA:448,3
DA:449,3
DA:450,3
DA:451,3
DA:452,3
DA:453,3
DA:454,3
DA:455,3
DA:456,3
DA:457,3
DA:458,3
DA:459,3
DA:460,3
DA:461,3
DA:462,3
DA:463,3
DA:464,3
DA:465,3
DA:466,3
DA:467,3
DA:468,3
DA:469,3
DA:470,3
DA:471,3
DA:472,3
DA:473,3
DA:474,3
DA:475,3
DA:476,3
DA:477,3
DA:478,3
DA:479,3
DA:480,3
DA:481,3
DA:482,3
DA:483,3
DA:484,3
DA:485,3
DA:486,3
DA:487,3
DA:488,3
DA:489,3
DA:490,3
DA:491,3
DA:492,3
DA:493,3
DA:494,3
DA:495,3
DA:496,3
DA:497,3
DA:498,3
DA:499,3
DA:500,3
DA:501,3
DA:502,3
DA:503,3
DA:504,3
DA:505,3
LF:505
LH:505
BRDA:2,0,0,1
BRDA:2,1,0,2
BRDA:255,2,0,3
BRF:3
BRH:3
end_of_record
TN:
SF:__fixtures__/client.fixtures.js
FN:2,cli
FN:19,cliDebugNotVerbose
FN:37,cliDebugVerboseAndSilent
FNF:3
FNH:3
FNDA:26,cli
FNDA:1,cliDebugNotVerbose
FNDA:1,cliDebugVerboseAndSilent
DA:1,1
DA:2,4
DA:3,26
DA:4,26
DA:5,26
DA:6,26
DA:7,26
DA:8,26
DA:9,26
DA:10,26
DA:11,26
DA:12,26
DA:13,26
DA:14,26
DA:15,26
DA:16,26
DA:17,26
DA:18,4
DA:19,4
DA:20,1
DA:21,1
DA:22,1
DA:23,1
DA:24,1
DA:25,1
DA:26,1
DA:27,1
DA:28,1
DA:29,1
DA:30,1
DA:31,1
DA:32,1
DA:33,1
DA:34,1
DA:35,4
DA:36,4
DA:37,4
DA:38,1
DA:39,1
DA:40,1
DA:41,1
DA:42,1
DA:43,1
DA:44,1
DA:45,1
DA:46,1
DA:47,1
DA:48,1
DA:49,1
DA:50,1
DA:51,1
DA:52,1
LF:52
LH:52
BRDA:2,0,0,4
BRDA:2,1,0,26
BRDA:19,2,0,1
BRDA:37,3,0,1
BRF:4
BRH:4
end_of_record
TN:
SF:__fixtures__/measures.fixtures.js
FN:3,measuresAtTwoNonConsequtiveDays
FN:29,measuresAtTwoConsequtiveDays
FN:54,sixConsequtiveMeasures
FN:112,fiveConsequtiveMeasures
FNF:4
FNH:4
FNDA:3,measuresAtTwoNonConsequtiveDays
FNDA:1,measuresAtTwoConsequtiveDays
FNDA:5,sixConsequtiveMeasures
FNDA:2,fiveConsequtiveMeasures
DA:1,1
DA:2,2
DA:3,2
DA:4,3
DA:5,3
DA:6,3
DA:7,3
DA:8,3
DA:9,3
DA:10,3
DA:11,3
DA:12,3
DA:13,3
DA:14,3
DA:15,3
DA:16,3
DA:17,3
DA:18,3
DA:19,3
DA:20,3
DA:21,3
DA:22,3
DA:23,3
DA:24,3
DA:25,3
DA:26,3
DA:27,2
DA:28,2
DA:29,2
DA:30,1
DA:31,1
DA:32,1
DA:33,1
DA:34,1
DA:35,1
DA:36,1
DA:37,1
DA:38,1
DA:39,1
DA:40,1
DA:41,1
DA:42,1
DA:43,1
DA:44,1
DA:45,1
DA:46,1
DA:47,1
DA:48,1
DA:49,1
DA:50,1
DA:51,1
DA:52,1
DA:53,2
DA:54,2
DA:55,5
DA:56,5
DA:57,5
DA:58,5
DA:59,5
DA:60,5
DA:61,5
DA:62,5
DA:63,5
DA:64,5
DA:65,5
DA:66,5
DA:67,5
DA:68,5
DA:69,5
DA:70,5
DA:71,5
DA:72,5
DA:73,5
DA:74,5
DA:75,5
DA:76,5
DA:77,5
DA:78,5
DA:79,5
DA:80,5
DA:81,5
DA:82,5
DA:83,5
DA:84,5
DA:85,5
DA:86,5
DA:87,5
DA:88,5
DA:89,5
DA:90,5
DA:91,5
DA:92,5
DA:93,5
DA:94,5
DA:95,5
DA:96,5
DA:97,5
DA:98,5
DA:99,5
DA:100,5
DA:101,5
DA:102,5
DA:103,5
DA:104,5
DA:105,5
DA:106,5
DA:107,5
DA:108,5
DA:109,5
DA:110,2
DA:111,2
DA:112,2
DA:113,2
DA:114,2
DA:115,2
DA:116,2
DA:117,2
DA:118,2
DA:119,2
DA:120,2
DA:121,2
DA:122,2
DA:123,2
DA:124,2
DA:125,2
DA:126,2
DA:127,2
DA:128,2
DA:129,2
DA:130,2
DA:131,2
DA:132,2
DA:133,2
DA:134,2
DA:135,2
DA:136,2
DA:137,2
DA:138,2
DA:139,2
DA:140,2
DA:141,2
DA:142,2
DA:143,2
DA:144,2
DA:145,2
DA:146,2
DA:147,2
DA:148,2
DA:149,2
DA:150,2
DA:151,2
DA:152,2
DA:153,2
DA:154,2
DA:155,2
DA:156,2
DA:157,2
DA:158,2
DA:159,2
DA:160,2
DA:161,2
DA:162,2
DA:163,2
DA:164,2
DA:165,2
DA:166,2
DA:167,2
DA:168,2
LF:168
LH:168
BRDA:2,0,0,2
BRDA:3,1,0,3
BRDA:29,2,0,1
BRDA:54,3,0,5
BRDA:112,4,0,2
BRF:5
BRH:5
end_of_record
TN:
SF:lib/analytics.js
FN:7,daysUnderMinimalDownload
FN:46,analyzeDailyNintyPercentDownloadAtLeast
FN:82,analyzeBelowNintyPercentDownload
FNF:3
FNH:3
FNDA:2,daysUnderMinimalDownload
FNDA:1,analyzeDailyNintyPercentDownloadAtLeast
FNDA:2,analyzeBelowNintyPercentDownload
DA:1,1
DA:2,1
DA:3,1
DA:4,1
DA:5,1
DA:6,1
DA:7,1
DA:8,2
DA:9,2
DA:10,2
DA:11,0
DA:12,0
DA:13,2
DA:14,2
DA:15,2
DA:16,2
DA:17,28
DA:18,28
DA:19,22
DA:20,22
DA:21,6
DA:22,6
DA:23,6
DA:24,0
DA:25,0
DA:26,6
DA:27,6
DA:28,28
DA:29,60
DA:30,0
DA:31,0
DA:32,60
DA:33,2
DA:34,2
DA:35,2
DA:36,2
DA:37,2
DA:38,60
DA:39,6
DA:40,2
DA:41,0
DA:42,0
DA:43,2
DA:44,2
DA:45,1
DA:46,1
DA:47,1
DA:48,1
DA:49,1
DA:50,0
DA:51,0
DA:52,1
DA:53,1
DA:54,1
DA:55,1
DA:56,14
DA:57,14
DA:58,11
DA:59,11
DA:60,3
DA:61,3
DA:62,3
DA:63,0
DA:64,0
DA:65,3
DA:66,3
DA:67,14
DA:68,30
DA:69,30
DA:70,3
DA:71,3
DA:72,3
DA:73,30
DA:74,30
DA:75,3
DA:76,1
DA:77,0
DA:78,0
DA:79,1
DA:80,1
DA:81,1
DA:82,1
DA:83,2
DA:84,2
DA:85,2
DA:86,2
DA:87,2
DA:88,2
DA:89,2
DA:90,28
DA:91,28
DA:92,22
DA:93,22
DA:94,22
DA:95,22
DA:96,28
DA:97,60
DA:98,60
DA:99,4
DA:100,60
DA:101,56
DA:102,56
DA:103,60
DA:104,6
DA:105,2
DA:106,2
DA:107,2
LF:107
LH:93
BRDA:2,0,0,1
BRDA:7,1,0,2
BRDA:10,2,0,0
BRDA:16,3,0,28
BRDA:18,4,0,22
BRDA:21,5,0,6
BRDA:23,6,0,0
BRDA:28,7,0,60
BRDA:29,8,0,0
BRDA:32,9,0,2
BRDA:39,10,0,6
BRDA:40,11,0,0
BRDA:46,12,0,1
BRDA:49,13,0,0
BRDA:55,14,0,14
BRDA:57,15,0,11
BRDA:60,16,0,3
BRDA:62,17,0,0
BRDA:67,18,0,30
BRDA:69,19,0,3
BRDA:75,20,0,3
BRDA:76,21,0,0
BRDA:82,22,0,2
BRDA:89,23,0,28
BRDA:91,24,0,22
BRDA:93,25,0,0
BRDA:96,26,0,6
BRDA:96,27,0,60
BRDA:98,28,0,4
BRDA:100,29,0,56
BRDA:104,30,0,6
BRF:31
BRH:23
end_of_record
TN:
SF:lib/config_helper.js
FN:7,printDebug
FN:19,cliValid
FN:26,checkAndAdjustFlags
FN:43,getDataDir
FNF:4
FNH:3
FNDA:3,printDebug
FNDA:175,cliValid
FNDA:3,checkAndAdjustFlags
FNDA:0,getDataDir
DA:1,1
DA:2,4
DA:3,4
DA:4,4
DA:5,4
DA:6,4
DA:7,3
DA:8,3
DA:9,3
DA:10,2
DA:11,2
DA:12,1
DA:13,1
DA:14,1
DA:15,1
DA:16,1
DA:17,3
DA:18,4
DA:19,4
DA:20,175
DA:21,171
DA:22,171
DA:23,4
DA:24,175
DA:25,4
DA:26,4
DA:27,3
DA:28,3
DA:29,2
DA:30,2
DA:31,3
DA:32,2
DA:33,2
DA:34,2
DA:35,3
DA:36,0
DA:37,0
DA:38,3
DA:39,3
DA:40,3
DA:41,3
DA:42,4
DA:43,4
DA:44,0
DA:45,0
DA:46,0
DA:47,0
DA:48,0
DA:49,0
DA:50,0
DA:51,0
DA:52,0
DA:53,0
DA:54,0
DA:55,0
DA:56,0
DA:57,0
LF:57
LH:41
BRDA:2,0,0,4
BRDA:7,1,0,3
BRDA:9,2,0,1
BRDA:9,3,0,2
BRDA:12,4,0,1
BRDA:19,5,0,175
BRDA:20,6,0,173
BRDA:20,7,0,171
BRDA:23,8,0,4
BRDA:26,9,0,3
BRDA:28,10,0,2
BRDA:31,11,0,2
BRDA:35,12,0,0
BRDA:35,13,0,0
BRF:14
BRH:12
end_of_record
TN:
SF:lib/date_time_utils.js
FN:4,getTodayTimeAsDate
FN:18,getParseableTodayTime
FN:25,getTodayTime
FN:32,getTodayDateAsDate
FN:46,getParseableTodayDate
FN:54,getTodayDate
FN:62,getNow
FNF:7
FNH:7
FNDA:36,getTodayTimeAsDate
FNDA:8,getParseableTodayTime
FNDA:28,getTodayTime
FNDA:110,getTodayDateAsDate
FNDA:8,getParseableTodayDate
FNDA:102,getTodayDate
FNDA:3,getNow
DA:1,1
DA:2,4
DA:3,4
DA:4,36
DA:5,36
DA:6,36
DA:7,33
DA:8,33
DA:9,36
DA:10,3
DA:11,3
DA:12,36
DA:13,21
DA:14,21
DA:15,36
DA:16,36
DA:17,4
DA:18,4
DA:19,8
DA:20,8
DA:21,8
DA:22,8
DA:23,8
DA:24,4
DA:25,4
DA:26,28
DA:27,28
DA:28,28
DA:29,28
DA:30,28
DA:31,4
DA:32,110
DA:33,110
DA:34,110
DA:35,106
DA:36,106
DA:37,110
DA:38,4
DA:39,4
DA:40,110
DA:41,75
DA:42,75
DA:43,110
DA:44,110
DA:45,4
DA:46,4
DA:47,8
DA:48,8
DA:49,8
DA:50,8
DA:51,8
DA:52,8
DA:53,4
DA:54,4
DA:55,102
DA:56,102
DA:57,102
DA:58,102
DA:59,102
DA:60,102
DA:61,4
DA:62,4
DA:63,3
DA:64,3
DA:65,3
DA:66,3
DA:67,3
LF:67
LH:67
BRDA:2,0,0,4
BRDA:4,1,0,36
BRDA:6,2,0,33
BRDA:9,3,0,3
BRDA:12,4,0,21
BRDA:12,5,0,15
BRDA:12,6,0,21
BRDA:18,7,0,8
BRDA:20,8,0,3
BRDA:20,9,0,5
BRDA:22,10,0,5
BRDA:22,11,0,3
BRDA:25,12,0,28
BRDA:27,13,0,4
BRDA:27,14,0,24
BRDA:28,15,0,16
BRDA:28,16,0,12
BRDA:32,17,0,110
BRDA:34,18,0,106
BRDA:37,19,0,4
BRDA:40,20,0,75
BRDA:40,21,0,35
BRDA:40,22,0,75
BRDA:46,23,0,8
BRDA:50,24,0,3
BRDA:50,25,0,5
BRDA:51,26,0,1
BRDA:51,27,0,7
BRDA:54,28,0,102
BRDA:58,29,0,4
BRDA:58,30,0,98
BRDA:59,31,0,2
BRDA:59,32,0,100
BRDA:62,33,0,3
BRF:34
BRH:34
end_of_record
TN:
SF:lib/helper.js
FN:5,measuresValid
FN:12,printResultsSorted
FNF:2
FNH:1
FNDA:9,measuresValid
FNDA:0,printResultsSorted
DA:1,1
DA:2,2
DA:3,2
DA:4,2
DA:5,2
DA:6,9
DA:7,9
DA:8,9
DA:9,0
DA:10,9
DA:11,2
DA:12,2
DA:13,0
DA:14,0
DA:15,0
DA:16,0
DA:17,0
DA:18,0
DA:19,0
DA:20,0
DA:21,0
LF:21
LH:11
BRDA:2,0,0,2
BRDA:5,1,0,9
BRDA:8,2,0,0
BRF:3
BRH:2
end_of_record
TN:
SF:lib/measures.js
FN:9,lastMeasureWithinLastMinutes
FN:53,lastMeasureWithinLastDays
FN:85,longerBreakRequired
FN:167,readJsonFiles
FNF:4
FNH:3
FNDA:4,lastMeasureWithinLastMinutes
FNDA:4,lastMeasureWithinLastDays
FNDA:4,longerBreakRequired
FNDA:0,readJsonFiles
DA:1,1
DA:2,1
DA:3,1
DA:4,1
DA:5,1
DA:6,1
DA:7,1
DA:8,1
DA:9,1
DA:10,4
DA:11,4
DA:12,4
DA:13,4
DA:14,0
DA:15,0
DA:16,0
DA:17,0
DA:18,0
DA:19,4
DA:20,4
DA:21,4
DA:22,0
DA:23,0
DA:24,0
DA:25,0
DA:26,0
DA:27,0
DA:28,0
DA:29,0
DA:30,4
DA:31,4
DA:32,17
DA:33,17
DA:34,0
DA:35,0
DA:36,17
DA:37,1
DA:38,0
DA:39,0
DA:40,1
DA:41,1
DA:42,17
DA:43,0
DA:44,0
DA:45,17
DA:46,4
DA:47,0
DA:48,0
DA:49,3
DA:50,3
DA:51,4
DA:52,1
DA:53,1
DA:54,4
DA:55,4
DA:56,2
DA:57,0
DA:58,0
DA:59,2
DA:60,2
DA:61,4
DA:62,0
DA:63,0
DA:64,4
DA:65,0
DA:66,0
DA:67,4
DA:68,1
DA:69,0
DA:70,0
DA:71,1
DA:72,0
DA:73,0
DA:74,1
DA:75,1
DA:76,4
DA:77,0
DA:78,0
DA:79,0
DA:80,0
DA:81,0
DA:82,1
DA:83,4
DA:84,1
DA:85,1
DA:86,4
DA:87,4
DA:88,0
DA:89,0
DA:90,0
DA:91,0
DA:92,0
DA:93,0
DA:94,0
DA:95,0
DA:96,4
DA:97,0
DA:98,0
DA:99,0
DA:100,0
DA:101,0
DA:102,4
DA:103,0
DA:104,0
DA:105,4
DA:106,1
DA:107,0
DA:108,0
DA:109,1
DA:110,1
DA:111,2
DA:112,2
DA:113,2
DA:114,4
DA:115,0
DA:116,0
DA:117,0
DA:118,0
DA:119,0
DA:120,0
DA:121,0
DA:122,0
DA:123,4
DA:124,0
DA:125,0
DA:126,0
DA:127,0
DA:128,0
DA:129,0
DA:130,0
DA:131,2
DA:132,2
DA:133,4
DA:134,0
DA:135,0
DA:136,2
DA:137,2
DA:138,2
DA:139,2
DA:140,4
DA:141,8
DA:142,0
DA:143,0
DA:144,8
DA:145,40
DA:146,0
DA:147,0
DA:148,40
DA:149,1
DA:150,0
DA:151,0
DA:152,1
DA:153,0
DA:154,0
DA:155,0
DA:156,1
DA:157,1
DA:158,40
DA:159,7
DA:160,7
DA:161,4
DA:162,0
DA:163,0
DA:164,1
DA:165,4
DA:166,1
DA:167,1
DA:168,0
DA:169,0
DA:170,0
DA:171,0
DA:172,0
DA:173,0
DA:174,0
DA:175,0
DA:176,0
DA:177,0
DA:178,0
DA:179,0
DA:180,0
DA:181,0
DA:182,0
DA:183,0
DA:184,0
DA:185,0
DA:186,0
DA:187,0
DA:188,0
DA:189,0
DA:190,0
DA:191,0
DA:192,0
DA:193,0
DA:194,0
DA:195,0
DA:196,0
DA:197,0
DA:198,0
DA:199,0
DA:200,0
DA:201,0
DA:202,0
DA:203,0
DA:204,0
DA:205,0
DA:206,0
DA:207,0
DA:208,0
DA:209,0
DA:210,0
DA:211,0
DA:212,0
DA:213,0
DA:214,0
DA:215,0
DA:216,0
DA:217,0
DA:218,0
DA:219,0
DA:220,0
DA:221,0
DA:222,0
DA:223,0
DA:224,0
DA:225,0
DA:226,0
DA:227,0
DA:228,0
DA:229,0
DA:230,0
DA:231,0
DA:232,0
DA:233,0
DA:234,0
DA:235,0
DA:236,0
DA:237,0
DA:238,0
LF:238
LH:86
BRDA:2,0,0,1
BRDA:9,1,0,4
BRDA:13,2,0,0
BRDA:21,3,0,0
BRDA:31,4,0,17
BRDA:33,5,0,0
BRDA:36,6,0,1
BRDA:37,7,0,0
BRDA:42,8,0,16
BRDA:42,9,0,0
BRDA:46,10,0,3
BRDA:46,11,0,0
BRDA:49,12,0,3
BRDA:53,13,0,4
BRDA:55,14,0,3
BRDA:55,15,0,2
BRDA:56,16,0,0
BRDA:61,17,0,0
BRDA:64,18,0,2
BRDA:64,19,0,0
BRDA:67,20,0,2
BRDA:67,21,0,1
BRDA:68,22,0,0
BRDA:71,23,0,0
BRDA:76,24,0,0
BRDA:82,25,0,1
BRDA:85,26,0,4
BRDA:87,27,0,0
BRDA:96,28,0,3
BRDA:96,29,0,0
BRDA:102,30,0,3
BRDA:102,31,0,0
BRDA:105,32,0,3
BRDA:105,33,0,1
BRDA:106,34,0,0
BRDA:111,35,0,2
BRDA:114,36,0,0
BRDA:123,37,0,2
BRDA:123,38,0,0
BRDA:131,39,0,2
BRDA:133,40,0,0
BRDA:136,41,0,2
BRDA:140,42,0,8
BRDA:141,43,0,0
BRDA:144,44,0,40
BRDA:145,45,0,0
BRDA:148,46,0,1
BRDA:149,47,0,0
BRDA:152,48,0,0
BRDA:159,49,0,7
BRDA:161,50,0,1
BRDA:161,51,0,0
BRDA:164,52,0,1
BRF:53
BRH:29
end_of_record
